This is pdfTeX, Version 3.141592653-2.6-1.40.25 (MiKTeX 23.10) (preloaded format=pdflatex 2023.11.9)  9 NOV 2023 12:24
entering extended mode
 restricted \write18 enabled.
 file:line:error style messages enabled.
 %&-line parsing enabled.
**"h:/.shortcut-targets-by-id/1CoJGV2yDxl_l_l8GPmG1gDWBhwUj2rhQ/Davi Paiva/Dissertação/LaTex/documento.tex"
(h:/.shortcut-targets-by-id/1CoJGV2yDxl_l_l8GPmG1gDWBhwUj2rhQ/Davi Paiva/Dissertação/LaTex/documento.tex
LaTeX2e <2023-06-01> patch level 1
L3 programming layer <2023-08-29>
(C:\Users\davia\AppData\Local\Programs\MiKTeX\tex/latex/abntex2\abntex2.cls
Document Class: abntex2 2018/11/24 v-1.9.7 abnTeX2
(C:\Users\davia\AppData\Local\Programs\MiKTeX\tex/latex/base\ifthen.sty
Package: ifthen 2022/04/13 v1.1d Standard LaTeX ifthen package (DPC)
) (C:\Users\davia\AppData\Local\Programs\MiKTeX\tex/latex/memoir\memoir.cls
Document Class: memoir 2023/08/21 v3.8.1 configurable book, report, article document class
(C:\Users\davia\AppData\Local\Programs\MiKTeX\tex/latex/xpatch\xpatch.sty (C:\Users\davia\AppData\Local\Programs\MiKTeX\tex/latex/l3kernel\expl3.sty
Package: expl3 2023-08-29 L3 programming layer (loader) 
 (C:\Users\davia\AppData\Local\Programs\MiKTeX\tex/latex/l3backend\l3backend-pdftex.def
File: l3backend-pdftex.def 2023-04-19 L3 backend support: PDF output (pdfTeX)
\l__color_backend_stack_int=\count185
\l__pdf_internal_box=\box51
))
Package: xpatch 2020/03/25 v0.3a Extending etoolbox patching commands
 (C:\Users\davia\AppData\Local\Programs\MiKTeX\tex/latex/l3packages/xparse\xparse.sty
Package: xparse 2023-08-29 L3 Experimental document command parser
) (C:\Users\davia\AppData\Local\Programs\MiKTeX\tex/latex/etoolbox\etoolbox.sty
Package: etoolbox 2020/10/05 v2.5k e-TeX tools for LaTeX (JAW)
\etb@tempcnta=\count186
))
\onelineskip=\skip48
\lxvchars=\skip49
\xlvchars=\skip50
\@memcnta=\count187
\c@@memmarkcntra=\count188
 (C:\Users\davia\AppData\Local\Programs\MiKTeX\tex/generic/iftex\iftex.sty
Package: iftex 2022/02/03 v1.0f TeX engine tests
)
\stockheight=\dimen140
\stockwidth=\dimen141
\trimtop=\skip51
\trimedge=\skip52
 (C:\Users\davia\AppData\Local\Programs\MiKTeX\tex/latex/base\fleqn.clo
File: fleqn.clo 2016/12/29 v1.2b Standard LaTeX option (flush left equations)
\mathindent=\skip53
Applying: [2015/01/01] Make \[ robust on input line 50.
LaTeX Info: Redefining \[ on input line 51.
Already applied: [0000/00/00] Make \[ robust on input line 62.
Applying: [2015/01/01] Make \] robust on input line 74.
LaTeX Info: Redefining \] on input line 75.
Already applied: [0000/00/00] Make \] robust on input line 83.
) (C:\Users\davia\AppData\Local\Programs\MiKTeX\tex/latex/memoir\mem12.clo
File: mem12.clo 2022/07/29 v0.5 memoir class 12pt size option
)
\binding=\skip54
\spinemargin=\skip55
\foremargin=\skip56
\uppermargin=\skip57
\lowermargin=\skip58
\headdrop=\skip59
\normalrulethickness=\skip60
\mem@maxheadheight=\skip61
\mem@maxfootheight=\skip62
\headwidth=\skip63
\c@storedpagenumber=\count189
\memPD=\dimen142
\m@mabparskip=\skip64
\thanksmarkwidth=\skip65
\thanksmarksep=\skip66
\droptitle=\skip67
\c@book=\count190
\c@part=\count191
\c@chapter=\count192
\c@section=\count193
\c@subsection=\count194
\c@subsubsection=\count195
\c@paragraph=\count196
\c@subparagraph=\count197
\beforechapskip=\skip68
\midchapskip=\skip69
\afterchapskip=\skip70
\chapindent=\skip71
\bottomsectionskip=\skip72
\secindent=\skip73
\beforesecskip=\skip74
\aftersecskip=\skip75
\subsecindent=\skip76
\beforesubsecskip=\skip77
\aftersubsecskip=\skip78
\subsubsecindent=\skip79
\beforesubsubsecskip=\skip80
\aftersubsubsecskip=\skip81
\paraindent=\skip82
\beforeparaskip=\skip83
\afterparaskip=\skip84
\subparaindent=\skip85
\beforesubparaskip=\skip86
\aftersubparaskip=\skip87
\pfbreakskip=\skip88
\c@@ppsavesec=\count198
\c@@ppsaveapp=\count199
\ragrparindent=\dimen143
\everylistparindent=\dimen144
\parsepi=\skip89
\topsepi=\skip90
\itemsepi=\skip91
\parsepii=\skip92
\topsepii=\skip93
\topsepiii=\skip94
\itemsepii=\skip95
\itemsepiii=\skip96
\partopsepii=\skip97
\partopsepiii=\skip98
\m@msavetopsep=\skip99
\m@msavepartopsep=\skip100
\@enLab=\toks17
\abstitleskip=\skip101
\absleftindent=\skip102
\abs@leftindent=\dimen145
\absrightindent=\skip103
\absparindent=\skip104
\absparsep=\skip105
\c@vslineno=\count266
\c@poemline=\count267
\c@modulo@vs=\count268
\c@memfvsline=\count269
\vleftskip=\skip106
\vrightskip=\skip107
\stanzaskip=\skip108
\versewidth=\skip109
\vgap=\skip110
\vindent=\skip111
\vleftmargin=\dimen146
\c@verse=\count270
\c@chrsinstr=\count271
\beforepoemtitleskip=\skip112
\afterpoemtitleskip=\skip113
\c@poem=\count272
\beforePoemTitleskip=\skip114
\midPoemTitleskip=\skip115
\afterPoemTitleskip=\skip116
 (C:\Users\davia\AppData\Local\Programs\MiKTeX\tex/latex/tools\array.sty
Package: array 2022/09/04 v2.5g Tabular extension package (FMi)
\col@sep=\dimen147
\ar@mcellbox=\box52
\extrarowheight=\dimen148
\NC@list=\toks18
\extratabsurround=\skip117
\backup@length=\skip118
\ar@cellbox=\box53
) (C:\Users\davia\AppData\Local\Programs\MiKTeX\tex/latex/tools\dcolumn.sty
Package: dcolumn 2014/10/28 v1.06 decimal alignment package (DPC)
) (C:\Users\davia\AppData\Local\Programs\MiKTeX\tex/latex/tools\delarray.sty
Package: delarray 2014/10/28 v1.01 array delimiter package (DPC)
) (C:\Users\davia\AppData\Local\Programs\MiKTeX\tex/latex/tools\tabularx.sty
Package: tabularx 2020/01/15 v2.11c `tabularx' package (DPC)
\TX@col@width=\dimen149
\TX@old@table=\dimen150
\TX@old@col=\dimen151
\TX@target=\dimen152
\TX@delta=\dimen153
\TX@cols=\count273
\TX@ftn=\toks19
) (C:\Users\davia\AppData\Local\Programs\MiKTeX\tex/latex/booktabs\booktabs.sty
Package: booktabs 2020/01/12 v1.61803398 Publication quality tables
\heavyrulewidth=\dimen154
\lightrulewidth=\dimen155
\cmidrulewidth=\dimen156
\belowrulesep=\dimen157
\belowbottomsep=\dimen158
\aboverulesep=\dimen159
\abovetopsep=\dimen160
\cmidrulesep=\dimen161
\cmidrulekern=\dimen162
\defaultaddspace=\dimen163
\@cmidla=\count274
\@cmidlb=\count275
\@aboverulesep=\dimen164
\@belowrulesep=\dimen165
\@thisruleclass=\count276
\@lastruleclass=\count277
\@thisrulewidth=\dimen166
)
\ctableftskip=\skip119
\ctabrightskip=\skip120
\abovecolumnspenalty=\count278
\@linestogo=\count279
\@cellstogo=\count280
\@cellsincolumn=\count281
\crtok=\toks20
\@mincolumnwidth=\dimen167
\c@newflo@tctr=\count282
\mem@margin@floatbox=\box54
\@contcwidth=\skip121
\@contindw=\skip122
\abovecaptionskip=\skip123
\belowcaptionskip=\skip124
\subfloattopskip=\skip125
\subfloatcapskip=\skip126
\subfloatcaptopadj=\skip127
\subfloatbottomskip=\skip128
\subfloatlabelskip=\skip129
\subfloatcapmargin=\dimen168
\c@@contsubnum=\count283
\m@mscap@capbox=\box55
\m@mscap@fbox=\box56
\sidecapsep=\dimen169
\sidecapwidth=\dimen170
\m@m@tempdima=\dimen171
\m@mscapraise=\dimen172
\sidecapraise=\dimen173
\m@mscapmainwidth=\dimen174
\m@mscaplkern=\dimen175
\beforeepigraphskip=\skip130
\afterepigraphskip=\skip131
\epigraphwidth=\skip132
\epigraphrule=\skip133
LaTeX Info: Redefining \em on input line 6878.
LaTeX Info: Redefining \emph on input line 6886.
 (C:\Users\davia\AppData\Local\Programs\MiKTeX\tex/latex/hyperref\nameref.sty
Package: nameref 2023-08-07 v2.53 Cross-referencing by name of section
 (C:\Users\davia\AppData\Local\Programs\MiKTeX\tex/latex/refcount\refcount.sty
Package: refcount 2019/12/15 v3.6 Data extraction from label references (HO)
 (C:\Users\davia\AppData\Local\Programs\MiKTeX\tex/generic/ltxcmds\ltxcmds.sty
Package: ltxcmds 2020-05-10 v1.25 LaTeX kernel commands for general use (HO)
) (C:\Users\davia\AppData\Local\Programs\MiKTeX\tex/generic/infwarerr\infwarerr.sty
Package: infwarerr 2019/12/03 v1.5 Providing info/warning/error messages (HO)
)) (C:\Users\davia\AppData\Local\Programs\MiKTeX\tex/generic/gettitlestring\gettitlestring.sty
Package: gettitlestring 2019/12/15 v1.6 Cleanup title references (HO)
 (C:\Users\davia\AppData\Local\Programs\MiKTeX\tex/latex/kvoptions\kvoptions.sty
Package: kvoptions 2022-06-15 v3.15 Key value format for package options (HO)
 (C:\Users\davia\AppData\Local\Programs\MiKTeX\tex/latex/graphics\keyval.sty
Package: keyval 2022/05/29 v1.15 key=value parser (DPC)
\KV@toks@=\toks21
) (C:\Users\davia\AppData\Local\Programs\MiKTeX\tex/latex/kvsetkeys\kvsetkeys.sty
Package: kvsetkeys 2022-10-05 v1.19 Key value parser (HO)
)))
\c@section@level=\count284
)
\tocentryskip=\skip134
\tocbaseline=\skip135
\cftparskip=\skip136
\cftbeforebookskip=\skip137
\cftbookindent=\dimen176
\cftbooknumwidth=\dimen177
\cftbeforepartskip=\skip138
\cftpartindent=\skip139
\cftpartnumwidth=\skip140
\cftbeforechapterskip=\skip141
\cftchapterindent=\skip142
\cftchapternumwidth=\skip143
\cftbeforesectionskip=\skip144
\cftsectionindent=\skip145
\cftsectionnumwidth=\skip146
\cftbeforesubsectionskip=\skip147
\cftsubsectionindent=\skip148
\cftsubsectionnumwidth=\skip149
\cftbeforesubsubsectionskip=\skip150
\cftsubsubsectionindent=\skip151
\cftsubsubsectionnumwidth=\skip152
\cftbeforeparagraphskip=\skip153
\cftparagraphindent=\skip154
\cftparagraphnumwidth=\skip155
\cftbeforesubparagraphskip=\skip156
\cftsubparagraphindent=\skip157
\cftsubparagraphnumwidth=\skip158
\prechapterprecisshift=\dimen178
\c@maxsecnumdepth=\count285
\bibindent=\dimen179
\bibitemsep=\skip159
\indexcolsep=\skip160
\indexrule=\skip161
\indexmarkstyle=\toks22
\@indexbox=\insert252
LaTeX Info: Redefining \raggedbottom on input line 7881.
LaTeX Info: Redefining \flushbottom on input line 7885.
\glossarycolsep=\dimen180
\glossaryrule=\dimen181
\sideparvshift=\skip162
\sideins=\insert251
\sidebartopsep=\skip163
\sidebarhsep=\skip164
\sidebarvsep=\skip165
\sidebarwidth=\skip166
\footmarkwidth=\skip167
\footmarksep=\skip168
\footparindent=\skip169
\footinsdim=\skip170
\footinsv@r=\insert250
\@mpfootinsv@r=\insert249
\m@m@k=\count286
\m@m@h=\dimen182
\m@mipn@skip=\skip171
\sidefootins=\insert248
\sidefootadjust=\skip172
\sidefootheight=\skip173
\sidefoothsep=\skip174
\sidefootvsep=\skip175
\sidefootwidth=\skip176
\m@mdownsf=\skip177
\c@sidefootnote=\count287
\sidefootmarkwidth=\skip178
\sidefootmarksep=\skip179
\sidefootparindent=\skip180
\c@pagenote=\count288
\c@pagenoteshadow=\count289
\mem@pn@lastkern=\skip181
\every@verbatim=\toks23
\afterevery@verbatim=\toks24
\verbatim@line=\toks25
\tab@position=\count290
\verbatim@in@stream=\read2
\verbatimindent=\skip182
\verbatim@out=\write3
\bvboxsep=\skip183
\c@memfbvline=\count291
\c@bvlinectr=\count292
\bvnumlength=\skip184
\fb@frw=\dimen183
\fb@frh=\dimen184
\FrameRule=\dimen185
\FrameSep=\dimen186
\c@cp@cntr=\count293
\c@ism@mctr=\count294
\c@xsm@mctr=\count295
\c@csm@mctr=\count296
\c@ksm@mctr=\count297
\c@xksm@mctr=\count298
\c@cksm@mctr=\count299
\c@msm@mctr=\count300
\c@xmsm@mctr=\count301
\c@cmsm@mctr=\count302
\c@bsm@mctr=\count303
\c@workm@mctr=\count304
\c@sheetsequence=\count305
\c@lastsheet=\count306
\c@lastpage=\count307
 (C:\Users\davia\AppData\Local\Programs\MiKTeX\tex/latex/textcase\textcase.sty
Package: textcase 2023/07/27 v1.04 Text only upper/lower case changing (DPC)
Package textcase Info: Defining Legacy names on input line 20.
)
\c@figure=\count308
\c@lofdepth=\count309
\cftbeforefigureskip=\skip185
\cftfigureindent=\skip186
\cftfigurenumwidth=\skip187
\c@table=\count310
\c@lotdepth=\count311
\cftbeforetableskip=\skip188
\cfttableindent=\skip189
\cfttablenumwidth=\skip190
Package abstract [2008/07/23] emulated by memoir.
Package appendix [2008/07/23] emulated by memoir.
Package ccaption [2008/07/23] emulated by memoir.
Package changepage [2008/07/23] emulated by memoir.
Package chngcntr [2008/07/23] emulated by memoir.
Package chngpage [2008/07/23] emulated by memoir.
Package crop emulated by memoir.
Package enumerate [2008/07/23] emulated by memoir.
Package epigraph [2008/07/23] emulated by memoir.
Package ifmtarg [2008/07/23] emulated by memoir.
Package index [2008/07/23] emulated by memoir.
Package makeidx [2008/07/23] emulated by memoir.
Package moreverb [2008/07/23] emulated by memoir.
Package needspace [2008/07/23] emulated by memoir.
Package newfile [2008/07/23] emulated by memoir.
Package nextpage [2008/07/23] emulated by memoir.
Package pagenote [2008/07/23] emulated by memoir.
Package parskip [2008/07/23] emulated by memoir.
Package patchcmd [2008/07/23] emulated by memoir.
Package setspace [2008/07/23] emulated by memoir.
Package shortvrb [2008/07/23] emulated by memoir.
Package showidx [2008/07/23] emulated by memoir.
Package titleref [2008/07/23] emulated by memoir.
Package titling [2008/07/23] emulated by memoir.
Package tocbibind [2008/07/23] emulated by memoir.
Package tocloft [2008/07/23] emulated by memoir.
Package tocvsec2 [2008/07/23] emulated by memoir.
Package verbatim [2008/07/23] emulated by memoir.
Package verse [2008/07/23] emulated by memoir.
) (C:\Users\davia\AppData\Local\Programs\MiKTeX\tex/latex/hyperref\hyperref.sty
Package: hyperref 2023-07-08 v7.01b Hypertext links for LaTeX
 (C:\Users\davia\AppData\Local\Programs\MiKTeX\tex/generic/pdftexcmds\pdftexcmds.sty
Package: pdftexcmds 2020-06-27 v0.33 Utility functions of pdfTeX for LuaTeX (HO)
Package pdftexcmds Info: \pdf@primitive is available.
Package pdftexcmds Info: \pdf@ifprimitive is available.
Package pdftexcmds Info: \pdfdraftmode found.
) (C:\Users\davia\AppData\Local\Programs\MiKTeX\tex/generic/kvdefinekeys\kvdefinekeys.sty
Package: kvdefinekeys 2019-12-19 v1.6 Define keys (HO)
) (C:\Users\davia\AppData\Local\Programs\MiKTeX\tex/generic/pdfescape\pdfescape.sty
Package: pdfescape 2019/12/09 v1.15 Implements pdfTeX's escape features (HO)
) (C:\Users\davia\AppData\Local\Programs\MiKTeX\tex/latex/hycolor\hycolor.sty
Package: hycolor 2020-01-27 v1.10 Color options for hyperref/bookmark (HO)
) (C:\Users\davia\AppData\Local\Programs\MiKTeX\tex/latex/letltxmacro\letltxmacro.sty
Package: letltxmacro 2019/12/03 v1.6 Let assignment for LaTeX macros (HO)
) (C:\Users\davia\AppData\Local\Programs\MiKTeX\tex/latex/auxhook\auxhook.sty
Package: auxhook 2019-12-17 v1.6 Hooks for auxiliary files (HO)
)
\@linkdim=\dimen187
\Hy@linkcounter=\count312
\Hy@pagecounter=\count313
 (C:\Users\davia\AppData\Local\Programs\MiKTeX\tex/latex/hyperref\pd1enc.def
File: pd1enc.def 2023-07-08 v7.01b Hyperref: PDFDocEncoding definition (HO)
Now handling font encoding PD1 ...
... no UTF-8 mapping file for font encoding PD1
) (C:\Users\davia\AppData\Local\Programs\MiKTeX\tex/generic/intcalc\intcalc.sty
Package: intcalc 2019/12/15 v1.3 Expandable calculations with integers (HO)
)
\Hy@SavedSpaceFactor=\count314
 (C:\Users\davia\AppData\Local\Programs\MiKTeX\tex/latex/hyperref\puenc.def
File: puenc.def 2023-07-08 v7.01b Hyperref: PDF Unicode definition (HO)
Now handling font encoding PU ...
... no UTF-8 mapping file for font encoding PU
)
Package hyperref Info: Hyper figures OFF on input line 4167.
Package hyperref Info: Link nesting OFF on input line 4172.
Package hyperref Info: Hyper index ON on input line 4175.
Package hyperref Info: Plain pages OFF on input line 4182.
Package hyperref Info: Backreferencing OFF on input line 4187.
Package hyperref Info: Implicit mode ON; LaTeX internals redefined.
Package hyperref Info: Bookmarks ON on input line 4434.
\c@Hy@tempcnt=\count315
 (C:\Users\davia\AppData\Local\Programs\MiKTeX\tex/latex/url\url.sty
\Urlmuskip=\muskip16
Package: url 2013/09/16  ver 3.4  Verb mode for urls, etc.
)
LaTeX Info: Redefining \url on input line 4772.
\XeTeXLinkMargin=\dimen188
 (C:\Users\davia\AppData\Local\Programs\MiKTeX\tex/generic/bitset\bitset.sty
Package: bitset 2019/12/09 v1.3 Handle bit-vector datatype (HO)
 (C:\Users\davia\AppData\Local\Programs\MiKTeX\tex/generic/bigintcalc\bigintcalc.sty
Package: bigintcalc 2019/12/15 v1.5 Expandable calculations on big integers (HO)
))
\Fld@menulength=\count316
\Field@Width=\dimen189
\Fld@charsize=\dimen190
Package hyperref Info: Hyper figures OFF on input line 6051.
Package hyperref Info: Link nesting OFF on input line 6056.
Package hyperref Info: Hyper index ON on input line 6059.
Package hyperref Info: backreferencing OFF on input line 6066.
Package hyperref Info: Link coloring OFF on input line 6071.
Package hyperref Info: Link coloring with OCG OFF on input line 6076.
Package hyperref Info: PDF/A mode OFF on input line 6081.
 (C:\Users\davia\AppData\Local\Programs\MiKTeX\tex/latex/base\atbegshi-ltx.sty
Package: atbegshi-ltx 2021/01/10 v1.0c Emulation of the original atbegshi
package with kernel methods
)
\Hy@abspage=\count317
\c@Item=\count318
\c@Hfootnote=\count319
)
Package hyperref Info: Driver (autodetected): hpdftex.
 (C:\Users\davia\AppData\Local\Programs\MiKTeX\tex/latex/hyperref\hpdftex.def
File: hpdftex.def 2023-07-08 v7.01b Hyperref driver for pdfTeX
 (C:\Users\davia\AppData\Local\Programs\MiKTeX\tex/latex/base\atveryend-ltx.sty
Package: atveryend-ltx 2020/08/19 v1.0a Emulation of the original atveryend package
with kernel methods
)
\Fld@listcount=\count320
\c@bookmark@seq@number=\count321
 (C:\Users\davia\AppData\Local\Programs\MiKTeX\tex/latex/rerunfilecheck\rerunfilecheck.sty
Package: rerunfilecheck 2022-07-10 v1.10 Rerun checks for auxiliary files (HO)
 (C:\Users\davia\AppData\Local\Programs\MiKTeX\tex/generic/uniquecounter\uniquecounter.sty
Package: uniquecounter 2019/12/15 v1.4 Provide unlimited unique counter (HO)
)
Package uniquecounter Info: New unique counter `rerunfilecheck' on input line 285.
)
\Hy@SectionHShift=\skip191
) (C:\Users\davia\AppData\Local\Programs\MiKTeX\tex/latex/memoir\memhfixc.sty
Package: memhfixc 2023/07/28 v1.21 hyperref package fixes for memoir class
\c@memhycontfloat=\count322
\c@Hpagenote=\count323
) (C:\Users\davia\AppData\Local\Programs\MiKTeX\tex/latex/bookmark\bookmark.sty
Package: bookmark 2020-11-06 v1.29 PDF bookmarks (HO)
 (C:\Users\davia\AppData\Local\Programs\MiKTeX\tex/latex/bookmark\bkm-pdftex.def
File: bkm-pdftex.def 2020-11-06 v1.29 bookmark driver for pdfTeX (HO)
\BKM@id=\count324
)) (C:\Users\davia\AppData\Local\Programs\MiKTeX\tex/generic/babel\babel.sty
Package: babel 2023/09/29 v3.95 The Babel package
\babel@savecnt=\count325
\U@D=\dimen191
\l@unhyphenated=\language79
 (C:\Users\davia\AppData\Local\Programs\MiKTeX\tex/generic/babel\txtbabel.def)
\bbl@readstream=\read3
\bbl@dirlevel=\count326

*************************************
* Local config file bblopts.cfg used
*
(C:\Users\davia\AppData\Local\Programs\MiKTeX\tex/latex/arabi\bblopts.cfg
File: bblopts.cfg 2005/09/08 v0.1 add Arabic and Farsi to "declared" options of babel
) (C:\Users\davia\AppData\Local\Programs\MiKTeX\tex/latex/babel-english\english.ldf
Language: english 2017/06/06 v3.3r English support from the babel system
Package babel Info: Hyphen rules for 'canadian' set to \l@english
(babel)             (\language0). Reported on input line 102.
Package babel Info: Hyphen rules for 'australian' set to \l@ukenglish
(babel)             (\language73). Reported on input line 105.
Package babel Info: Hyphen rules for 'newzealand' set to \l@ukenglish
(babel)             (\language73). Reported on input line 108.
) (C:\Users\davia\AppData\Local\Programs\MiKTeX\tex/latex/babel-spanish\spanish.ldf
Language: spanish.ldf 2021/05/27 v5.0q Spanish support from the babel system
\es@quottoks=\toks26
\es@quotdepth=\count327
Package babel Info: Making " an active character on input line 570.
Package babel Info: Making . an active character on input line 675.
Package babel Info: Making < an active character on input line 722.
Package babel Info: Making > an active character on input line 722.
) (C:\Users\davia\AppData\Local\Programs\MiKTeX\tex/latex/babel-portuges\brazil.ldf
Language: portuges 2021/07/09 v1.2t Portuguese support from the babel system
Package babel Info: Hyphen rules for 'brazil' set to \l@portuguese
(babel)             (\language56). Reported on input line 111.
)) (C:\Users\davia\AppData\Local\Programs\MiKTeX\tex/generic/babel/locale/es\babel-spanish.tex
Package babel Info: Importing font and identification data for spanish
(babel)             from babel-es.ini. Reported on input line 11.
) (C:\Users\davia\AppData\Local\Programs\MiKTeX\tex/generic/babel/locale/en\babel-english.tex
Package babel Info: Importing font and identification data for english
(babel)             from babel-en.ini. Reported on input line 11.
) (C:\Users\davia\AppData\Local\Programs\MiKTeX\tex/latex/enumitem\enumitem.sty
Package: enumitem 2019/06/20 v3.9 Customized lists
\labelindent=\skip192
\enit@outerparindent=\dimen192
\enit@toks=\toks27
\enit@inbox=\box57
\enit@count@id=\count328
\enitdp@description=\count329
) (C:\Users\davia\AppData\Local\Programs\MiKTeX\tex/latex/tools\calc.sty
Package: calc 2017/05/25 v4.3 Infix arithmetic (KKT,FJ)
\calc@Acount=\count330
\calc@Bcount=\count331
\calc@Adimen=\dimen193
\calc@Bdimen=\dimen194
\calc@Askip=\skip193
\calc@Bskip=\skip194
LaTeX Info: Redefining \setlength on input line 80.
LaTeX Info: Redefining \addtolength on input line 81.
\calc@Ccount=\count332
\calc@Cskip=\skip195
)

******************************************************
Stock height and width: 845.04684pt by 597.50787pt
Top and edge trims: 0pt and 0pt
Page height and width: 845.04684pt by 597.50787pt
Text height and width: 708pt by 455pt
Spine and edge margins: 85.35826pt and 56.9055pt
Upper and lower margins: 85.35826pt and 51.68858pt
Headheight and headsep: 14.5pt and 19.8738pt
Footskip: 30pt
Columnsep and columnseprule: 10pt and 0pt
Marginparsep and marginparwidth: 7pt and 42.9055pt
Sidecapsep and sidecapwidth: 7pt and 42pt
Sidebarhsep and sidebarwidth: 7pt and 42pt
Sidebarvsep and sidebartopsep: 14.5pt and 0pt
Sidebarheight: 590.14995pt
Sidefoothsep and sidefootwidth: 7pt and 42pt
Sidefootvsep and sidefootheight: 14.5pt and 590.14995pt
******************************************************

\c@abntex@bookmarkcounter=\count333
\cftlastnumwidth=\skip196
\chapternamenumlength=\skip197
\ABNTEXcitacaorecuo=\skip198
\c@alineasi=\count334
\c@alineasii=\count335
\enitdp@alineas=\count336
\c@subalineasi=\count337
\enitdp@subalineas=\count338
\c@incisosi=\count339
\enitdp@incisos=\count340
\ABNTEXsignwidth=\skip199
\ABNTEXsignthickness=\skip256
\ABNTEXsignskip=\skip257
) (lib/preambulo.tex (C:\Users\davia\AppData\Local\Programs\MiKTeX\tex/latex/base\inputenc.sty
Package: inputenc 2021/02/14 v1.3d Input encoding file
\inpenc@prehook=\toks28
\inpenc@posthook=\toks29
) (C:\Users\davia\AppData\Local\Programs\MiKTeX\tex/latex/base\fontenc.sty
Package: fontenc 2021/04/29 v2.0v Standard LaTeX package
) (C:\Users\davia\AppData\Local\Programs\MiKTeX\tex/latex/graphics\graphicx.sty
Package: graphicx 2021/09/16 v1.2d Enhanced LaTeX Graphics (DPC,SPQR)
 (C:\Users\davia\AppData\Local\Programs\MiKTeX\tex/latex/graphics\graphics.sty
Package: graphics 2022/03/10 v1.4e Standard LaTeX Graphics (DPC,SPQR)
 (C:\Users\davia\AppData\Local\Programs\MiKTeX\tex/latex/graphics\trig.sty
Package: trig 2021/08/11 v1.11 sin cos tan (DPC)
) (C:\Users\davia\AppData\Local\Programs\MiKTeX\tex/latex/graphics-cfg\graphics.cfg
File: graphics.cfg 2016/06/04 v1.11 sample graphics configuration
)
Package graphics Info: Driver file: pdftex.def on input line 107.
 (C:\Users\davia\AppData\Local\Programs\MiKTeX\tex/latex/graphics-def\pdftex.def
File: pdftex.def 2022/09/22 v1.2b Graphics/color driver for pdftex
))
\Gin@req@height=\dimen195
\Gin@req@width=\dimen196
) (C:\Users\davia\AppData\Local\Programs\MiKTeX\tex/latex/amsfonts\amsfonts.sty
Package: amsfonts 2013/01/14 v3.01 Basic AMSFonts support
\@emptytoks=\toks30
\symAMSa=\mathgroup4
\symAMSb=\mathgroup5
LaTeX Font Info:    Redeclaring math symbol \hbar on input line 98.
LaTeX Font Info:    Overwriting math alphabet `\mathfrak' in version `bold'
(Font)                  U/euf/m/n --> U/euf/b/n on input line 106.
) (C:\Users\davia\AppData\Local\Programs\MiKTeX\tex/latex/amsfonts\amssymb.sty
Package: amssymb 2013/01/14 v3.01 AMS font symbols
) (C:\Users\davia\AppData\Local\Programs\MiKTeX\tex/latex/amsmath\amsmath.sty
Package: amsmath 2023/05/13 v2.17o AMS math features
\@mathmargin=\skip258

For additional information on amsmath, use the `?' option.
(C:\Users\davia\AppData\Local\Programs\MiKTeX\tex/latex/amsmath\amstext.sty
Package: amstext 2021/08/26 v2.01 AMS text
 (C:\Users\davia\AppData\Local\Programs\MiKTeX\tex/latex/amsmath\amsgen.sty
File: amsgen.sty 1999/11/30 v2.0 generic functions
\@emptytoks=\toks31
\ex@=\dimen197
)) (C:\Users\davia\AppData\Local\Programs\MiKTeX\tex/latex/amsmath\amsbsy.sty
Package: amsbsy 1999/11/29 v1.2d Bold Symbols
\pmbraise@=\dimen198
) (C:\Users\davia\AppData\Local\Programs\MiKTeX\tex/latex/amsmath\amsopn.sty
Package: amsopn 2022/04/08 v2.04 operator names
)
\inf@bad=\count341
LaTeX Info: Redefining \frac on input line 234.
\uproot@=\count342
\leftroot@=\count343
LaTeX Info: Redefining \overline on input line 399.
LaTeX Info: Redefining \colon on input line 410.
\classnum@=\count344
\DOTSCASE@=\count345
LaTeX Info: Redefining \ldots on input line 496.
LaTeX Info: Redefining \dots on input line 499.
LaTeX Info: Redefining \cdots on input line 620.
\Mathstrutbox@=\box58
\strutbox@=\box59
LaTeX Info: Redefining \big on input line 722.
LaTeX Info: Redefining \Big on input line 723.
LaTeX Info: Redefining \bigg on input line 724.
LaTeX Info: Redefining \Bigg on input line 725.
\big@size=\dimen199
LaTeX Font Info:    Redeclaring font encoding OML on input line 743.
LaTeX Font Info:    Redeclaring font encoding OMS on input line 744.
\macc@depth=\count346
LaTeX Info: Redefining \bmod on input line 905.
LaTeX Info: Redefining \pmod on input line 910.
LaTeX Info: Redefining \smash on input line 940.
LaTeX Info: Redefining \relbar on input line 970.
LaTeX Info: Redefining \Relbar on input line 971.
\c@MaxMatrixCols=\count347
\dotsspace@=\muskip17
\c@parentequation=\count348
\dspbrk@lvl=\count349
\tag@help=\toks32
\row@=\count350
\column@=\count351
\maxfields@=\count352
\andhelp@=\toks33
\eqnshift@=\dimen256
\alignsep@=\dimen257
\tagshift@=\dimen258
\tagwidth@=\dimen259
\totwidth@=\dimen260
\lineht@=\dimen261
\@envbody=\toks34
\multlinegap=\skip259
\multlinetaggap=\skip260
\mathdisplay@stack=\toks35
LaTeX Info: Redefining \[ on input line 2953.
LaTeX Info: Redefining \] on input line 2954.
) (C:\Users\davia\AppData\Local\Programs\MiKTeX\tex/latex/multirow\multirow.sty
Package: multirow 2021/03/15 v2.8 Span multiple rows of a table
\multirow@colwidth=\skip261
\multirow@cntb=\count353
\multirow@dima=\skip262
\bigstrutjot=\dimen262
) (C:\Users\davia\AppData\Local\Programs\MiKTeX\tex/latex/tools\indentfirst.sty
Package: indentfirst 1995/11/23 v1.03 Indent first paragraph (DPC)
) (C:\Users\davia\AppData\Local\Programs\MiKTeX\tex/latex/listings\listings.sty
\lst@mode=\count354
\lst@gtempboxa=\box60
\lst@token=\toks36
\lst@length=\count355
\lst@currlwidth=\dimen263
\lst@column=\count356
\lst@pos=\count357
\lst@lostspace=\dimen264
\lst@width=\dimen265
\lst@newlines=\count358
\lst@lineno=\count359
\lst@maxwidth=\dimen266
 (C:\Users\davia\AppData\Local\Programs\MiKTeX\tex/latex/listings\lstmisc.sty
File: lstmisc.sty 2023/02/27 1.9 (Carsten Heinz)
\c@lstnumber=\count360
\lst@skipnumbers=\count361
\lst@framebox=\box61
) (C:\Users\davia\AppData\Local\Programs\MiKTeX\tex/latex/listings\listings.cfg
File: listings.cfg 2023/02/27 1.9 listings configuration
))
Package: listings 2023/02/27 1.9 (Carsten Heinz)
 (C:\Users\davia\AppData\Local\Programs\MiKTeX\tex/latex/xcolor\xcolor.sty
Package: xcolor 2022/06/12 v2.14 LaTeX color extensions (UK)
 (C:\Users\davia\AppData\Local\Programs\MiKTeX\tex/latex/graphics-cfg\color.cfg
File: color.cfg 2016/01/02 v1.6 sample color configuration
)
Package xcolor Info: Driver file: pdftex.def on input line 227.
 (C:\Users\davia\AppData\Local\Programs\MiKTeX\tex/latex/graphics\mathcolor.ltx)
Package xcolor Info: Model `cmy' substituted by `cmy0' on input line 1353.
Package xcolor Info: Model `hsb' substituted by `rgb' on input line 1357.
Package xcolor Info: Model `RGB' extended on input line 1369.
Package xcolor Info: Model `HTML' substituted by `rgb' on input line 1371.
Package xcolor Info: Model `Hsb' substituted by `hsb' on input line 1372.
Package xcolor Info: Model `tHsb' substituted by `hsb' on input line 1373.
Package xcolor Info: Model `HSB' substituted by `hsb' on input line 1374.
Package xcolor Info: Model `Gray' substituted by `gray' on input line 1375.
Package xcolor Info: Model `wave' substituted by `hsb' on input line 1376.
) (C:\Users\davia\AppData\Local\Programs\MiKTeX\tex/latex/microtype\microtype.sty
Package: microtype 2023/03/13 v3.1a Micro-typographical refinements (RS)
\MT@toks=\toks37
\MT@tempbox=\box62
\MT@count=\count362
LaTeX Info: Redefining \noprotrusionifhmode on input line 1059.
LaTeX Info: Redefining \leftprotrusion on input line 1060.
\MT@prot@toks=\toks38
LaTeX Info: Redefining \rightprotrusion on input line 1078.
LaTeX Info: Redefining \textls on input line 1368.
\MT@outer@kern=\dimen267
LaTeX Info: Redefining \textmicrotypecontext on input line 1988.
\MT@listname@count=\count363
 (C:\Users\davia\AppData\Local\Programs\MiKTeX\tex/latex/microtype\microtype-pdftex.def
File: microtype-pdftex.def 2023/03/13 v3.1a Definitions specific to pdftex (RS)
LaTeX Info: Redefining \lsstyle on input line 902.
LaTeX Info: Redefining \lslig on input line 902.
\MT@outer@space=\skip263
)
Package microtype Info: Loading configuration file microtype.cfg.
 (C:\Users\davia\AppData\Local\Programs\MiKTeX\tex/latex/microtype\microtype.cfg
File: microtype.cfg 2023/03/13 v3.1a microtype main configuration file (RS)
)) (C:\Users\davia\AppData\Local\Programs\MiKTeX\tex/latex/algorithm2e\algorithm2e.sty
Package: algorithm2e 2017/07/18 v5.2 algorithms environments
\c@AlgoLine=\count364
\algocf@hangindent=\skip264
 (C:\Users\davia\AppData\Local\Programs\MiKTeX\tex/latex/ifoddpage\ifoddpage.sty
Package: ifoddpage 2022/10/18 v1.2 Conditionals for odd/even page detection
\c@checkoddpage=\count365
LaTeX Info: Redefining \checkoddpage on input line 45.
) (C:\Users\davia\AppData\Local\Programs\MiKTeX\tex/latex/tools\xspace.sty
Package: xspace 2014/10/28 v1.13 Space after command names (DPC,MH)
) (C:\Users\davia\AppData\Local\Programs\MiKTeX\tex/latex/relsize\relsize.sty
Package: relsize 2013/03/29 ver 4.1
)
\skiptotal=\skip265
\skiplinenumber=\skip266
\skiprule=\skip267
\skiphlne=\skip268
\skiptext=\skip269
\skiplength=\skip270
\algomargin=\skip271
\skipalgocfslide=\skip272
\algowidth=\dimen268
\inoutsize=\dimen269
\inoutindent=\dimen270
\interspacetitleruled=\dimen271
\interspacealgoruled=\dimen272
\interspacetitleboxruled=\dimen273
\algocf@ruledwidth=\skip273
\algocf@inoutbox=\box63
\algocf@inputbox=\box64
\AlCapSkip=\skip274
\AlCapHSkip=\skip275
\algoskipindent=\skip276
\algocf@nlbox=\box65
\algocf@hangingbox=\box66
\algocf@untilbox=\box67
\algocf@skipuntil=\skip277
\algocf@capbox=\box68
\algocf@lcaptionbox=\skip278
\algoheightruledefault=\skip279
\algoheightrule=\skip280
\algotitleheightruledefault=\skip281
\algotitleheightrule=\skip282
\c@algocfline=\count366
\c@algocfproc=\count367
\c@algocf=\count368
\algocf@algoframe=\box69
\algocf@algobox=\box70
) (C:\Users\davia\AppData\Local\Programs\MiKTeX\tex/latex/algorithms\algorithmic.sty
Package: algorithmic 2009/08/24 v0.1 Document Style `algorithmic'
\c@ALC@unique=\count369
\c@ALC@line=\count370
\c@ALC@rem=\count371
\c@ALC@depth=\count372
\ALC@tlm=\skip283
\algorithmicindent=\skip284
) (C:\Users\davia\AppData\Local\Programs\MiKTeX\tex/latex/lipsum\lipsum.sty (C:\Users\davia\AppData\Local\Programs\MiKTeX\tex/latex/l3packages/l3keys2e\l3keys2e.sty
Package: l3keys2e 2023-08-29 LaTeX2e option processing using LaTeX3 keys
)
Package: lipsum 2021-09-20 v2.7 150 paragraphs of Lorem Ipsum dummy text
\g__lipsum_par_int=\count373
\l__lipsum_a_int=\count374
\l__lipsum_b_int=\count375
 (C:\Users\davia\AppData\Local\Programs\MiKTeX\tex/latex/lipsum\lipsum.ltd.tex)) (C:\Users\davia\AppData\Local\Programs\MiKTeX\tex/latex/glossaries/base\glossaries.sty
Package: glossaries 2023/09/29 v4.53 (NLCT)
 (C:\Users\davia\AppData\Local\Programs\MiKTeX\tex/latex/xkeyval\xkeyval.sty
Package: xkeyval 2022/06/16 v2.9 package option processing (HA)
 (C:\Users\davia\AppData\Local\Programs\MiKTeX\tex/generic/xkeyval\xkeyval.tex (C:\Users\davia\AppData\Local\Programs\MiKTeX\tex/generic/xkeyval\xkvutils.tex
\XKV@toks=\toks39
\XKV@tempa@toks=\toks40
)
\XKV@depth=\count376
File: xkeyval.tex 2014/12/03 v2.7a key=value parser (HA)
)) (C:\Users\davia\AppData\Local\Programs\MiKTeX\tex/latex/mfirstuc\mfirstuc.sty
Package: mfirstuc 2022/10/14 v2.08 (NLCT)
\@glsmfirst=\toks41
\@glsmrest=\toks42
) (C:\Users\davia\AppData\Local\Programs\MiKTeX\tex/latex/xfor\xfor.sty
Package: xfor 2009/02/05 v1.05 (NLCT)
) (C:\Users\davia\AppData\Local\Programs\MiKTeX\tex/latex/datatool\datatool-base.sty
Package: datatool-base 2019/09/27 v2.32 (NLCT)
 (C:\Users\davia\AppData\Local\Programs\MiKTeX\tex/latex/substr\substr.sty
Package: substr 2009/10/20 v1.2 Handle substrings
\c@su@anzahl=\count377
) (C:\Users\davia\AppData\Local\Programs\MiKTeX\tex/latex/datatool\datatool-fp.sty
Package: datatool-fp 2019/09/27 v2.32 (NLCT)
 (C:\Users\davia\AppData\Local\Programs\MiKTeX\tex/latex/fp\fp.sty
Package: fp 1995/04/02
 `Fixed Point Package', Version 0.8, April 2, 1995 (C) Michael Mehlich (C:\Users\davia\AppData\Local\Programs\MiKTeX\tex/latex/fp\defpattern.sty
Package: defpattern 1994/10/12
\actioncount=\count378
) (C:\Users\davia\AppData\Local\Programs\MiKTeX\tex/latex/fp\fp-basic.sty
Package: fp-basic 1996/05/13
\FP@xs=\count379
\FP@xia=\count380
\FP@xib=\count381
\FP@xfa=\count382
\FP@xfb=\count383
\FP@rega=\count384
\FP@regb=\count385
\FP@regs=\count386
\FP@times=\count387
) (C:\Users\davia\AppData\Local\Programs\MiKTeX\tex/latex/fp\fp-addons.sty
Package: fp-addons 1995/03/15
) (C:\Users\davia\AppData\Local\Programs\MiKTeX\tex/latex/fp\fp-snap.sty
Package: fp-snap 1995/04/05
) (C:\Users\davia\AppData\Local\Programs\MiKTeX\tex/latex/fp\fp-exp.sty
Package: fp-exp 1995/04/03
) (C:\Users\davia\AppData\Local\Programs\MiKTeX\tex/latex/fp\fp-trigo.sty
Package: fp-trigo 1995/04/14
) (C:\Users\davia\AppData\Local\Programs\MiKTeX\tex/latex/fp\fp-pas.sty
Package: fp-pas 1994/08/29
) (C:\Users\davia\AppData\Local\Programs\MiKTeX\tex/latex/fp\fp-random.sty
Package: fp-random 1995/02/23
\FPseed=\count388
) (C:\Users\davia\AppData\Local\Programs\MiKTeX\tex/latex/fp\fp-eqn.sty
Package: fp-eqn 1995/04/03
) (C:\Users\davia\AppData\Local\Programs\MiKTeX\tex/latex/fp\fp-upn.sty
Package: fp-upn 1996/10/21
) (C:\Users\davia\AppData\Local\Programs\MiKTeX\tex/latex/fp\fp-eval.sty
Package: fp-eval 1995/04/03
)))
\@dtl@toks=\toks43
\@dtl@tmpcount=\count389
\dtl@tmplength=\skip285
\dtl@sortresult=\count390
\@dtl@numgrpsepcount=\count391
\@dtl@datatype=\count392
\dtl@codeA=\count393
\dtl@codeB=\count394
\@dtl@foreach@level=\count395
) (C:\Users\davia\AppData\Local\Programs\MiKTeX\tex/latex/tracklang\tracklang.sty
Package: tracklang 2022/12/13 v1.6.1 (NLCT) Track Languages
 (C:\Users\davia\AppData\Local\Programs\MiKTeX\tex/generic/tracklang\tracklang.tex)) (C:\Users\davia\AppData\Local\Programs\MiKTeX\tex/latex/translator\translator.sty
Package: translator 2021-05-31 v1.12d Easy translation of strings in LaTeX
) (C:\Users\davia\AppData\Local\Programs\MiKTeX\tex/latex/glossaries-english\glossaries-english.ldf
File: glossaries-english.ldf 2014/11/23 v1.0
) (C:\Users\davia\AppData\Local\Programs\MiKTeX\tex/latex/glossaries-spanish\glossaries-spanish.ldf
File: glossaries-spanish.ldf 2014/11/23 v1.0
 (C:\Users\davia\AppData\Local\Programs\MiKTeX\tex/latex/glossaries-spanish\glossaries-spanish-utf8.ldf)) (C:\Users\davia\AppData\Local\Programs\MiKTeX\tex/latex/glossaries-portuges\glossaries-pt-BR.ldf
File: glossaries-pt-BR.ldf 2014/11/23 v1.0
 (C:\Users\davia\AppData\Local\Programs\MiKTeX\tex/latex/glossaries-portuges\glossaries-portuges-utf8.ldf))
\gls@level=\count396
\@gls@tmpb=\toks44
\gls@tmplen=\skip286


Package glossaries Warning: Overriding \printglossary on input line 6158.


Package glossaries Warning: Overriding `theglossary' environment on input line 6752.

\glskeylisttok=\toks45
\glslabeltok=\toks46
\glsshorttok=\toks47
\glslongtok=\toks48
(C:\Users\davia\AppData\Local\Programs\MiKTeX\tex/latex/glossaries/styles\glossary-hypernav.sty
Package: glossary-hypernav 2023/09/29 v4.53 (NLCT)
) (C:\Users\davia\AppData\Local\Programs\MiKTeX\tex/latex/glossaries/styles\glossary-list.sty
Package: glossary-list 2023/09/29 v4.53 (NLCT)
\glslistdottedwidth=\skip287
) (C:\Users\davia\AppData\Local\Programs\MiKTeX\tex/latex/glossaries/styles\glossary-long.sty
Package: glossary-long 2023/09/29 v4.53 (NLCT)
 (C:\Users\davia\AppData\Local\Programs\MiKTeX\tex/latex/tools\longtable.sty
Package: longtable 2021-09-01 v4.17 Multi-page Table package (DPC)
\LTleft=\skip288
\LTright=\skip289
\LTpre=\skip290
\LTpost=\skip291
\LTchunksize=\count397
\LTcapwidth=\dimen274
\LT@head=\box71
\LT@firsthead=\box72
\LT@foot=\box73
\LT@lastfoot=\box74
\LT@gbox=\box75
\LT@cols=\count398
\LT@rows=\count399
\c@LT@tables=\count400
\c@LT@chunks=\count401
\LT@p@ftn=\toks49
)
\glsdescwidth=\skip292
\glspagelistwidth=\skip293
) (C:\Users\davia\AppData\Local\Programs\MiKTeX\tex/latex/glossaries/styles\glossary-super.sty
Package: glossary-super 2023/09/29 v4.53 (NLCT)
 (C:\Users\davia\AppData\Local\Programs\MiKTeX\tex/latex/supertabular\supertabular.sty
Package: supertabular 2020/02/02 v4.1g the supertabular environment
\c@tracingst=\count402
\ST@wd=\dimen275
\ST@rightskip=\skip294
\ST@leftskip=\skip295
\ST@parfillskip=\skip296
\ST@pageleft=\dimen276
\ST@headht=\dimen277
\ST@tailht=\dimen278
\ST@pagesofar=\dimen279
\ST@pboxht=\dimen280
\ST@lineht=\dimen281
\ST@prevht=\dimen282
\ST@toadd=\dimen283
\ST@dimen=\dimen284
\ST@pbox=\box76
)) (C:\Users\davia\AppData\Local\Programs\MiKTeX\tex/latex/glossaries/styles\glossary-tree.sty
Package: glossary-tree 2023/09/29 v4.53 (NLCT)
\glstreeindent=\skip297
)) (C:\Users\davia\AppData\Local\Programs\MiKTeX\tex/latex/caption\caption.sty
Package: caption 2023/08/05 v3.6o Customizing captions (AR)
 (C:\Users\davia\AppData\Local\Programs\MiKTeX\tex/latex/caption\caption3.sty
Package: caption3 2023/07/31 v2.4d caption3 kernel (AR)
\caption@tempdima=\dimen285
\captionmargin=\dimen286
\caption@leftmargin=\dimen287
\caption@rightmargin=\dimen288
\caption@width=\dimen289
\caption@indent=\dimen290
\caption@parindent=\dimen291
\caption@hangindent=\dimen292
Package caption Info: memoir document class detected.
 (C:\Users\davia\AppData\Local\Programs\MiKTeX\tex/latex/caption\caption-memoir.sto
File: caption-memoir.sto 2023/09/08 v2.2c Adaption of the caption package to the memoir document class (AR)
))
\c@caption@flags=\count403
\c@continuedfloat=\count404
Package caption Info: changepage package is loaded.
\caption@adjustwidth@hsize=\dimen293
\caption@adjustwidth@linewidth=\dimen294
Package caption Info: hyperref package is loaded.
Package caption Info: listings package is loaded.
Package caption Info: longtable package is loaded.
 (C:\Users\davia\AppData\Local\Programs\MiKTeX\tex/latex/caption\ltcaption.sty
Package: ltcaption 2021/01/08 v1.4c longtable captions (AR)
)
Package caption Info: supertabular package is loaded.
) (lib/ufcTexcite.sty

LaTeX Warning: You have requested package `lib/ufcTexcite',
               but the package provides `abntex2cite'.

Package: abntex2cite 2018/11/24 v-1.9.7 abnTeX2
(C:\Users\davia\AppData\Local\Programs\MiKTeX\tex/latex/abntex2\abntex2abrev.sty)
\minimumbiblabelwidth=\skip298
\ABCIauxlen=\skip299
\c@ABCIaux=\count405
\c@ABCImax=\count406
 (C:\Users\davia\AppData\Local\Programs\MiKTeX\tex/generic/iftex\ifpdf.sty
Package: ifpdf 2019/10/25 v3.4 ifpdf legacy package. Use iftex instead.
) (C:\Users\davia\AppData\Local\Programs\MiKTeX\tex/generic/iftex\ifxetex.sty
Package: ifxetex 2019/10/25 v0.7 ifxetex legacy package. Use iftex instead.
)
\biblabelsep=\skip300
LaTeX Info: Redefining \newblock on input line 592.
LaTeX Info: Redefining \cite on input line 619.
\ABCItoken=\toks50
) (C:\Users\davia\AppData\Local\Programs\MiKTeX\tex/latex/psnfss\mathptmx.sty
Package: mathptmx 2020/03/25 PSNFSS-v9.3 Times w/ Math, improved (SPQR, WaS) 
LaTeX Font Info:    Redeclaring symbol font `operators' on input line 28.
LaTeX Font Info:    Overwriting symbol font `operators' in version `normal'
(Font)                  OT1/cmr/m/n --> OT1/ztmcm/m/n on input line 28.
LaTeX Font Info:    Overwriting symbol font `operators' in version `bold'
(Font)                  OT1/cmr/bx/n --> OT1/ztmcm/m/n on input line 28.
LaTeX Font Info:    Redeclaring symbol font `letters' on input line 29.
LaTeX Font Info:    Overwriting symbol font `letters' in version `normal'
(Font)                  OML/cmm/m/it --> OML/ztmcm/m/it on input line 29.
LaTeX Font Info:    Overwriting symbol font `letters' in version `bold'
(Font)                  OML/cmm/b/it --> OML/ztmcm/m/it on input line 29.
LaTeX Font Info:    Redeclaring symbol font `symbols' on input line 30.
LaTeX Font Info:    Overwriting symbol font `symbols' in version `normal'
(Font)                  OMS/cmsy/m/n --> OMS/ztmcm/m/n on input line 30.
LaTeX Font Info:    Overwriting symbol font `symbols' in version `bold'
(Font)                  OMS/cmsy/b/n --> OMS/ztmcm/m/n on input line 30.
LaTeX Font Info:    Redeclaring symbol font `largesymbols' on input line 31.
LaTeX Font Info:    Overwriting symbol font `largesymbols' in version `normal'
(Font)                  OMX/cmex/m/n --> OMX/ztmcm/m/n on input line 31.
LaTeX Font Info:    Overwriting symbol font `largesymbols' in version `bold'
(Font)                  OMX/cmex/m/n --> OMX/ztmcm/m/n on input line 31.
\symbold=\mathgroup6
\symitalic=\mathgroup7
LaTeX Font Info:    Redeclaring math alphabet \mathbf on input line 34.
LaTeX Font Info:    Overwriting math alphabet `\mathbf' in version `normal'
(Font)                  OT1/cmr/bx/n --> OT1/ptm/bx/n on input line 34.
LaTeX Font Info:    Overwriting math alphabet `\mathbf' in version `bold'
(Font)                  OT1/cmr/bx/n --> OT1/ptm/bx/n on input line 34.
LaTeX Font Info:    Redeclaring math alphabet \mathit on input line 35.
LaTeX Font Info:    Overwriting math alphabet `\mathit' in version `normal'
(Font)                  OT1/cmr/m/it --> OT1/ptm/m/it on input line 35.
LaTeX Font Info:    Overwriting math alphabet `\mathit' in version `bold'
(Font)                  OT1/cmr/bx/it --> OT1/ptm/m/it on input line 35.
LaTeX Info: Redefining \hbar on input line 50.
) (C:\Users\davia\AppData\Local\Programs\MiKTeX\tex/latex/paracol\paracol.sty
Package: paracol 2018/12/31 v1.35 
\pcol@currcol=\count407
\pcol@nextcol=\count408
\pcol@ncol=\count409
\pcol@ncolleft=\count410
\pcol@page=\count411
\pcol@basepage=\count412
\pcol@toppage=\count413
\pcol@footnotebase=\count414
\pcol@nfootnotes=\count415
\pcol@mcid=\count416
\pcol@prevdepth=\dimen295
\pcol@colht=\dimen296
\pcol@textfloatsep=\dimen297
\pcol@lrmargin=\dimen298
\pagerim=\dimen299
\pcol@topskip=\skip301
\belowfootnoteskip=\skip302
\pcol@topfnotes=\box77
\pcol@prespan=\box78
\pcol@rightpage=\box79
\pcol@colorstack@saved=\box80
\pcol@tempboxa=\box81
\pcol@tempboxb=\box82
\pcol@colorins=\insert247
\pcol@everyvbox=\toks51
) (lib/ufcTex.sty (1-pre-textuais/lista-de-abreviaturas-e-siglas.tex) (3-pos-textuais/glossario.tex)
\enitdp@alineascomponto=\count417
\c@subalineascompontoi=\count418
\enitdp@subalineascomponto=\count419
\c@alineascomnumeroi=\count420
\c@alineascomnumeroii=\count421
\enitdp@alineascomnumero=\count422
\c@subalineascomnumeroi=\count423
\enitdp@subalineascomnumero=\count424
\c@afirmacao=\count425
\c@argumento=\count426
\c@teo=\count427
\c@lema=\count428
\c@cor=\count429
\c@conjec=\count430
\c@premissa=\count431
\c@procedimento=\count432
\c@heuristica=\count433
\c@axioma=\count434
\c@exem=\count435
\c@xdefinicao=\count436
\c@cdefinicao=\count437
\c@propriedade=\count438
\c@quest=\count439
\c@quadro=\count440
\c@loqdepth=\count441
\cftbeforequadroskip=\skip303
\cftquadroindent=\skip304
\cftquadronumwidth=\skip305
\mylen=\skip306
\cftbeforelstlistingskip=\skip307
\cftlstlistingindent=\skip308
\cftlstlistingnumwidth=\skip309
\myAlgoLen=\skip310
\cftbeforealgocfskip=\skip311
\cftalgocfindent=\skip312
\cftalgocfnumwidth=\skip313
) (C:\Users\davia\AppData\Local\Programs\MiKTeX\tex/latex/pdfpages\pdfpages.sty
Package: pdfpages 2022/12/19 v0.5x Insert pages of external PDF documents (AM)
 (C:\Users\davia\AppData\Local\Programs\MiKTeX\tex/latex/eso-pic\eso-pic.sty
Package: eso-pic 2023/05/03 v3.0c eso-pic (RN)
\ESO@tempdima=\dimen300
\ESO@tempdimb=\dimen301
)
\AM@pagewidth=\dimen302
\AM@pageheight=\dimen303
\AM@fboxrule=\dimen304
 (C:\Users\davia\AppData\Local\Programs\MiKTeX\tex/latex/pdfpages\pppdftex.def
File: pppdftex.def 2022/12/19 v0.5x Pdfpages driver for pdfTeX (AM)
)
\pdfpages@includegraphics@status=\count442
\AM@pagebox=\box83
\AM@global@opts=\toks52
\AM@pagecnt=\count443
\AM@toc@title=\toks53
\AM@lof@heading=\toks54
\c@AM@survey=\count444
\AM@templatesizebox=\box84
)
\glswrite=\write4
\glo@main@file=\write5
\openout5 = `documento.glo'.

Package glossaries Info: Writing glossary file documento.glo on input line 126.
\documento@idxfile=\write6
\openout6 = `documento.idx'.


Writing index file documento.idx 
)
LaTeX Font Info:    Trying to load font information for T1+ptm on input line 243.
 (C:\Users\davia\AppData\Local\Programs\MiKTeX\tex/latex/psnfss\t1ptm.fd
File: t1ptm.fd 2001/06/04 font definitions for T1/ptm.
)

LaTeX Warning: Unused global option(s):
    [section,subsection].

(documento.aux)
\openout1 = `documento.aux'.

LaTeX Font Info:    Checking defaults for OML/cmm/m/it on input line 243.
LaTeX Font Info:    ... okay on input line 243.
LaTeX Font Info:    Checking defaults for OMS/cmsy/m/n on input line 243.
LaTeX Font Info:    ... okay on input line 243.
LaTeX Font Info:    Checking defaults for OT1/cmr/m/n on input line 243.
LaTeX Font Info:    ... okay on input line 243.
LaTeX Font Info:    Checking defaults for T1/cmr/m/n on input line 243.
LaTeX Font Info:    ... okay on input line 243.
LaTeX Font Info:    Checking defaults for TS1/cmr/m/n on input line 243.
LaTeX Font Info:    ... okay on input line 243.
LaTeX Font Info:    Checking defaults for OMX/cmex/m/n on input line 243.
LaTeX Font Info:    ... okay on input line 243.
LaTeX Font Info:    Checking defaults for U/cmr/m/n on input line 243.
LaTeX Font Info:    ... okay on input line 243.
LaTeX Font Info:    Checking defaults for PD1/pdf/m/n on input line 243.
LaTeX Font Info:    ... okay on input line 243.
LaTeX Font Info:    Checking defaults for PU/pdf/m/n on input line 243.
LaTeX Font Info:    ... okay on input line 243.
Package hyperref Info: Link coloring OFF on input line 243.

h:/.shortcut-targets-by-id/1CoJGV2yDxl_l_l8GPmG1gDWBhwUj2rhQ/Davi Paiva/Dissertação/LaTex/documento.tex:243: I can't write on file `documento.pdf'.
(Press Enter to retry, or Control-C to exit; default file extension is `.pdf')
Please type another file name for output
h:/.shortcut-targets-by-id/1CoJGV2yDxl_l_l8GPmG1gDWBhwUj2rhQ/Davi Paiva/Dissertação/LaTex/documento.tex:243: Emergency stop.
<to be read again> 
                   \edef 
l.243 \begin{document}
                      	
*** (job aborted, file error in nonstop mode)

 
Here is how much of TeX's memory you used:
 30371 strings out of 475247
 518129 string characters out of 5757792
 1919785 words of memory out of 5000000
 51488 multiletter control sequences out of 15000+600000
 561075 words of font info for 40 fonts, out of 8000000 for 9000
 1141 hyphenation exceptions out of 8191
 99i,1n,120p,2444b,365s stack positions out of 10000i,1000n,20000p,200000b,200000s
h:/.shortcut-targets-by-id/1CoJGV2yDxl_l_l8GPmG1gDWBhwUj2rhQ/Davi Paiva/Dissertação/LaTex/documento.tex:243:  ==> Fatal error occurred, no output PDF file produced!
